<?xml version="1.0" encoding="UTF-8" ?>
<testsuite tests="4" failures="0" name="minimal.DoSomeActionTest" time="4.057" errors="0" skipped="2">
  <properties>
    <property name="java.runtime.name" value="Java(TM) SE Runtime Environment"/>
    <property name="sun.boot.library.path" value="C:\Program Files\Java\jdk1.8.0_111\jre\bin"/>
    <property name="java.vm.version" value="25.111-b14"/>
    <property name="user.country.format" value="419"/>
    <property name="java.vm.vendor" value="Oracle Corporation"/>
    <property name="java.vendor.url" value="http://java.oracle.com/"/>
    <property name="path.separator" value=";"/>
    <property name="java.vm.name" value="Java HotSpot(TM) 64-Bit Server VM"/>
    <property name="file.encoding.pkg" value="sun.io"/>
    <property name="user.script" value=""/>
    <property name="user.country" value="US"/>
    <property name="sun.java.launcher" value="SUN_STANDARD"/>
    <property name="sun.os.patch.level" value=""/>
    <property name="java.vm.specification.name" value="Java Virtual Machine Specification"/>
    <property name="user.dir" value="C:\Users\felipe\Documents\development\RestChallenge"/>
    <property name="java.runtime.version" value="1.8.0_111-b14"/>
    <property name="java.awt.graphicsenv" value="sun.awt.Win32GraphicsEnvironment"/>
    <property name="basedir" value="C:\Users\felipe\Documents\development\RestChallenge"/>
    <property name="java.endorsed.dirs" value="C:\Program Files\Java\jdk1.8.0_111\jre\lib\endorsed"/>
    <property name="os.arch" value="amd64"/>
    <property name="surefire.real.class.path" value="C:\Users\felipe\AppData\Local\Temp\surefirebooter2466454411767837956.jar"/>
    <property name="java.io.tmpdir" value="C:\Users\felipe\AppData\Local\Temp\"/>
    <property name="line.separator" value="
"/>
    <property name="java.vm.specification.vendor" value="Oracle Corporation"/>
    <property name="user.variant" value=""/>
    <property name="os.name" value="Windows 10"/>
    <property name="sun.jnu.encoding" value="Cp1252"/>
    <property name="java.library.path" value="C:\Program Files\Java\jdk1.8.0_111\jre\bin;C:\Windows\Sun\Java\bin;C:\Windows\system32;C:\Windows;C:\Python\Python35-32\Scripts\;C:\Python\Python35-32\;C:\Program Files\Docker\Docker\Resources\bin;C:\ProgramData\Oracle\Java\javapath;C:\Windows\system32;C:\Windows;C:\Windows\System32\Wbem;C:\Windows\System32\WindowsPowerShell\v1.0\;C:\HashiCorp\Vagrant\bin;C:\Users\felipe\AppData\Local\Microsoft\WindowsApps;;."/>
    <property name="surefire.test.class.path" value="C:\Users\felipe\Documents\development\RestChallenge\target\test-classes;C:\Users\felipe\Documents\development\RestChallenge\target\classes;C:\Users\felipe\.m2\repository\junit\junit\4.8.1\junit-4.8.1.jar;C:\Users\felipe\.m2\repository\commons-codec\commons-codec\1.3\commons-codec-1.3.jar;C:\Users\felipe\.m2\repository\org\glassfish\jersey\test-framework\providers\jersey-test-framework-provider-grizzly2\2.25\jersey-test-framework-provider-grizzly2-2.25.jar;C:\Users\felipe\.m2\repository\org\glassfish\jersey\test-framework\jersey-test-framework-core\2.25\jersey-test-framework-core-2.25.jar;C:\Users\felipe\.m2\repository\org\glassfish\jersey\core\jersey-server\2.25\jersey-server-2.25.jar;C:\Users\felipe\.m2\repository\org\glassfish\jersey\core\jersey-client\2.25\jersey-client-2.25.jar;C:\Users\felipe\.m2\repository\org\glassfish\jersey\media\jersey-media-jaxb\2.25\jersey-media-jaxb-2.25.jar;C:\Users\felipe\.m2\repository\org\glassfish\jersey\containers\jersey-container-servlet-core\2.25\jersey-container-servlet-core-2.25.jar;C:\Users\felipe\.m2\repository\javax\servlet\javax.servlet-api\3.0.1\javax.servlet-api-3.0.1.jar;C:\Users\felipe\.m2\repository\org\glassfish\jersey\containers\jersey-container-grizzly2-http\2.25\jersey-container-grizzly2-http-2.25.jar;C:\Users\felipe\.m2\repository\org\glassfish\hk2\external\javax.inject\2.5.0-b30\javax.inject-2.5.0-b30.jar;C:\Users\felipe\.m2\repository\org\glassfish\grizzly\grizzly-http-server\2.3.28\grizzly-http-server-2.3.28.jar;C:\Users\felipe\.m2\repository\org\glassfish\grizzly\grizzly-http\2.3.28\grizzly-http-2.3.28.jar;C:\Users\felipe\.m2\repository\org\glassfish\grizzly\grizzly-framework\2.3.28\grizzly-framework-2.3.28.jar;C:\Users\felipe\.m2\repository\javax\ws\rs\javax.ws.rs-api\2.0.1\javax.ws.rs-api-2.0.1.jar;C:\Users\felipe\.m2\repository\org\glassfish\jersey\containers\jersey-container-grizzly2-servlet\2.25\jersey-container-grizzly2-servlet-2.25.jar;C:\Users\felipe\.m2\repository\org\glassfish\jersey\containers\jersey-container-servlet\2.25\jersey-container-servlet-2.25.jar;C:\Users\felipe\.m2\repository\org\glassfish\grizzly\grizzly-http-servlet\2.3.28\grizzly-http-servlet-2.3.28.jar;C:\Users\felipe\.m2\repository\org\glassfish\jersey\media\jersey-media-moxy\2.25\jersey-media-moxy-2.25.jar;C:\Users\felipe\.m2\repository\org\glassfish\jersey\core\jersey-common\2.25\jersey-common-2.25.jar;C:\Users\felipe\.m2\repository\javax\annotation\javax.annotation-api\1.2\javax.annotation-api-1.2.jar;C:\Users\felipe\.m2\repository\org\glassfish\jersey\bundles\repackaged\jersey-guava\2.25\jersey-guava-2.25.jar;C:\Users\felipe\.m2\repository\org\glassfish\hk2\hk2-api\2.5.0-b30\hk2-api-2.5.0-b30.jar;C:\Users\felipe\.m2\repository\org\glassfish\hk2\hk2-utils\2.5.0-b30\hk2-utils-2.5.0-b30.jar;C:\Users\felipe\.m2\repository\org\glassfish\hk2\external\aopalliance-repackaged\2.5.0-b30\aopalliance-repackaged-2.5.0-b30.jar;C:\Users\felipe\.m2\repository\org\glassfish\hk2\hk2-locator\2.5.0-b30\hk2-locator-2.5.0-b30.jar;C:\Users\felipe\.m2\repository\org\javassist\javassist\3.20.0-GA\javassist-3.20.0-GA.jar;C:\Users\felipe\.m2\repository\org\glassfish\hk2\osgi-resource-locator\1.0.1\osgi-resource-locator-1.0.1.jar;C:\Users\felipe\.m2\repository\org\glassfish\jersey\ext\jersey-entity-filtering\2.25\jersey-entity-filtering-2.25.jar;C:\Users\felipe\.m2\repository\org\eclipse\persistence\org.eclipse.persistence.moxy\2.6.0\org.eclipse.persistence.moxy-2.6.0.jar;C:\Users\felipe\.m2\repository\org\eclipse\persistence\org.eclipse.persistence.core\2.6.0\org.eclipse.persistence.core-2.6.0.jar;C:\Users\felipe\.m2\repository\org\eclipse\persistence\org.eclipse.persistence.asm\2.6.0\org.eclipse.persistence.asm-2.6.0.jar;C:\Users\felipe\.m2\repository\javax\validation\validation-api\1.1.0.Final\validation-api-1.1.0.Final.jar;C:\Users\felipe\.m2\repository\org\glassfish\javax.json\1.0.4\javax.json-1.0.4.jar;"/>
    <property name="java.specification.name" value="Java Platform API Specification"/>
    <property name="java.class.version" value="52.0"/>
    <property name="sun.management.compiler" value="HotSpot 64-Bit Tiered Compilers"/>
    <property name="os.version" value="10.0"/>
    <property name="user.home" value="C:\Users\felipe"/>
    <property name="user.timezone" value="America/Santiago"/>
    <property name="java.awt.printerjob" value="sun.awt.windows.WPrinterJob"/>
    <property name="java.specification.version" value="1.8"/>
    <property name="file.encoding" value="Cp1252"/>
    <property name="user.name" value="felipe"/>
    <property name="java.class.path" value="C:\Users\felipe\Documents\development\RestChallenge\target\test-classes;C:\Users\felipe\Documents\development\RestChallenge\target\classes;C:\Users\felipe\.m2\repository\junit\junit\4.8.1\junit-4.8.1.jar;C:\Users\felipe\.m2\repository\commons-codec\commons-codec\1.3\commons-codec-1.3.jar;C:\Users\felipe\.m2\repository\org\glassfish\jersey\test-framework\providers\jersey-test-framework-provider-grizzly2\2.25\jersey-test-framework-provider-grizzly2-2.25.jar;C:\Users\felipe\.m2\repository\org\glassfish\jersey\test-framework\jersey-test-framework-core\2.25\jersey-test-framework-core-2.25.jar;C:\Users\felipe\.m2\repository\org\glassfish\jersey\core\jersey-server\2.25\jersey-server-2.25.jar;C:\Users\felipe\.m2\repository\org\glassfish\jersey\core\jersey-client\2.25\jersey-client-2.25.jar;C:\Users\felipe\.m2\repository\org\glassfish\jersey\media\jersey-media-jaxb\2.25\jersey-media-jaxb-2.25.jar;C:\Users\felipe\.m2\repository\org\glassfish\jersey\containers\jersey-container-servlet-core\2.25\jersey-container-servlet-core-2.25.jar;C:\Users\felipe\.m2\repository\javax\servlet\javax.servlet-api\3.0.1\javax.servlet-api-3.0.1.jar;C:\Users\felipe\.m2\repository\org\glassfish\jersey\containers\jersey-container-grizzly2-http\2.25\jersey-container-grizzly2-http-2.25.jar;C:\Users\felipe\.m2\repository\org\glassfish\hk2\external\javax.inject\2.5.0-b30\javax.inject-2.5.0-b30.jar;C:\Users\felipe\.m2\repository\org\glassfish\grizzly\grizzly-http-server\2.3.28\grizzly-http-server-2.3.28.jar;C:\Users\felipe\.m2\repository\org\glassfish\grizzly\grizzly-http\2.3.28\grizzly-http-2.3.28.jar;C:\Users\felipe\.m2\repository\org\glassfish\grizzly\grizzly-framework\2.3.28\grizzly-framework-2.3.28.jar;C:\Users\felipe\.m2\repository\javax\ws\rs\javax.ws.rs-api\2.0.1\javax.ws.rs-api-2.0.1.jar;C:\Users\felipe\.m2\repository\org\glassfish\jersey\containers\jersey-container-grizzly2-servlet\2.25\jersey-container-grizzly2-servlet-2.25.jar;C:\Users\felipe\.m2\repository\org\glassfish\jersey\containers\jersey-container-servlet\2.25\jersey-container-servlet-2.25.jar;C:\Users\felipe\.m2\repository\org\glassfish\grizzly\grizzly-http-servlet\2.3.28\grizzly-http-servlet-2.3.28.jar;C:\Users\felipe\.m2\repository\org\glassfish\jersey\media\jersey-media-moxy\2.25\jersey-media-moxy-2.25.jar;C:\Users\felipe\.m2\repository\org\glassfish\jersey\core\jersey-common\2.25\jersey-common-2.25.jar;C:\Users\felipe\.m2\repository\javax\annotation\javax.annotation-api\1.2\javax.annotation-api-1.2.jar;C:\Users\felipe\.m2\repository\org\glassfish\jersey\bundles\repackaged\jersey-guava\2.25\jersey-guava-2.25.jar;C:\Users\felipe\.m2\repository\org\glassfish\hk2\hk2-api\2.5.0-b30\hk2-api-2.5.0-b30.jar;C:\Users\felipe\.m2\repository\org\glassfish\hk2\hk2-utils\2.5.0-b30\hk2-utils-2.5.0-b30.jar;C:\Users\felipe\.m2\repository\org\glassfish\hk2\external\aopalliance-repackaged\2.5.0-b30\aopalliance-repackaged-2.5.0-b30.jar;C:\Users\felipe\.m2\repository\org\glassfish\hk2\hk2-locator\2.5.0-b30\hk2-locator-2.5.0-b30.jar;C:\Users\felipe\.m2\repository\org\javassist\javassist\3.20.0-GA\javassist-3.20.0-GA.jar;C:\Users\felipe\.m2\repository\org\glassfish\hk2\osgi-resource-locator\1.0.1\osgi-resource-locator-1.0.1.jar;C:\Users\felipe\.m2\repository\org\glassfish\jersey\ext\jersey-entity-filtering\2.25\jersey-entity-filtering-2.25.jar;C:\Users\felipe\.m2\repository\org\eclipse\persistence\org.eclipse.persistence.moxy\2.6.0\org.eclipse.persistence.moxy-2.6.0.jar;C:\Users\felipe\.m2\repository\org\eclipse\persistence\org.eclipse.persistence.core\2.6.0\org.eclipse.persistence.core-2.6.0.jar;C:\Users\felipe\.m2\repository\org\eclipse\persistence\org.eclipse.persistence.asm\2.6.0\org.eclipse.persistence.asm-2.6.0.jar;C:\Users\felipe\.m2\repository\javax\validation\validation-api\1.1.0.Final\validation-api-1.1.0.Final.jar;C:\Users\felipe\.m2\repository\org\glassfish\javax.json\1.0.4\javax.json-1.0.4.jar;"/>
    <property name="java.vm.specification.version" value="1.8"/>
    <property name="sun.arch.data.model" value="64"/>
    <property name="java.home" value="C:\Program Files\Java\jdk1.8.0_111\jre"/>
    <property name="sun.java.command" value="C:\Users\felipe\AppData\Local\Temp\surefirebooter2466454411767837956.jar C:\Users\felipe\AppData\Local\Temp\surefire7271670578076518420tmp C:\Users\felipe\AppData\Local\Temp\surefire3659532538207405017tmp"/>
    <property name="java.specification.vendor" value="Oracle Corporation"/>
    <property name="user.language" value="en"/>
    <property name="user.language.format" value="es"/>
    <property name="awt.toolkit" value="sun.awt.windows.WToolkit"/>
    <property name="java.vm.info" value="mixed mode"/>
    <property name="java.version" value="1.8.0_111"/>
    <property name="java.ext.dirs" value="C:\Program Files\Java\jdk1.8.0_111\jre\lib\ext;C:\Windows\Sun\Java\lib\ext"/>
    <property name="sun.boot.class.path" value="C:\Program Files\Java\jdk1.8.0_111\jre\lib\resources.jar;C:\Program Files\Java\jdk1.8.0_111\jre\lib\rt.jar;C:\Program Files\Java\jdk1.8.0_111\jre\lib\sunrsasign.jar;C:\Program Files\Java\jdk1.8.0_111\jre\lib\jsse.jar;C:\Program Files\Java\jdk1.8.0_111\jre\lib\jce.jar;C:\Program Files\Java\jdk1.8.0_111\jre\lib\charsets.jar;C:\Program Files\Java\jdk1.8.0_111\jre\lib\jfr.jar;C:\Program Files\Java\jdk1.8.0_111\jre\classes"/>
    <property name="java.vendor" value="Oracle Corporation"/>
    <property name="localRepository" value="C:\Users\felipe\.m2\repository"/>
    <property name="file.separator" value="\"/>
    <property name="java.vendor.url.bug" value="http://bugreport.sun.com/bugreport/"/>
    <property name="sun.cpu.endian" value="little"/>
    <property name="sun.io.unicode.encoding" value="UnicodeLittle"/>
    <property name="sun.desktop" value="windows"/>
    <property name="sun.cpu.isalist" value="amd64"/>
  </properties>
  <testcase classname="minimal.DoSomeActionTest" name="devolverMayusculasTest" time="3.591"/>
  <testcase classname="minimal.DoSomeActionTest" name="devolverHoraTest" time="0.35"/>
  <testcase classname="minimal.DoSomeActionTest" name="helloTest" time="0.351">
    <skipped/>
  </testcase>
  <testcase classname="minimal.DoSomeActionTest" name="PostTest" time="0.351">
    <skipped/>
  </testcase>
</testsuite>